BaiduNaviSDKDemo/app/build/outputs/logs/manifest-merger-debug-report.txt
-- Merging decision tree log ---
manifest
ADDED from src/main/AndroidManifest.xml:2:1-82:12
	xmlns:android
		ADDED from src/main/AndroidManifest.xml:2:11-69
	package
		ADDED from src/main/AndroidManifest.xml:3:5-37
		INJECTED from src/main/AndroidManifest.xml
		INJECTED from src/main/AndroidManifest.xml
	android:versionName
		ADDED from src/main/AndroidManifest.xml:5:5-32
	android:versionCode
		ADDED from src/main/AndroidManifest.xml:4:5-28
		INJECTED from src/main/AndroidManifest.xml
		INJECTED from src/main/AndroidManifest.xml
uses-sdk
ADDED from src/main/AndroidManifest.xml:7:5-9:41
	android:targetSdkVersion
		ADDED from src/main/AndroidManifest.xml:9:9-38
		INJECTED from src/main/AndroidManifest.xml
		INJECTED from src/main/AndroidManifest.xml
	android:minSdkVersion
		ADDED from src/main/AndroidManifest.xml:8:9-34
		INJECTED from src/main/AndroidManifest.xml
		INJECTED from src/main/AndroidManifest.xml
uses-permission#android.permission.MOUNT_UNMOUNT_FILESYSTEMS
ADDED from src/main/AndroidManifest.xml:11:5-84
	android:name
		ADDED from src/main/AndroidManifest.xml:11:22-81
uses-permission#android.permission.BAIDU_LOCATION_SERVICE
ADDED from src/main/AndroidManifest.xml:12:5-81
	android:name
		ADDED from src/main/AndroidManifest.xml:12:22-78
uses-permission#android.permission.ACCESS_NETWORK_STATE
ADDED from src/main/AndroidManifest.xml:13:5-79
	android:name
		ADDED from src/main/AndroidManifest.xml:13:22-76
uses-permission#android.permission.ACCESS_COARSE_LOCATION
ADDED from src/main/AndroidManifest.xml:14:5-81
	android:name
		ADDED from src/main/AndroidManifest.xml:14:22-78
uses-permission#android.permission.INTERNET
ADDED from src/main/AndroidManifest.xml:15:5-67
	android:name
		ADDED from src/main/AndroidManifest.xml:15:22-64
uses-permission#android.permission.ACCES_MOCK_LOCATION
ADDED from src/main/AndroidManifest.xml:16:5-78
	android:name
		ADDED from src/main/AndroidManifest.xml:16:22-75
uses-permission#android.permission.ACCESS_FINE_LOCATION
ADDED from src/main/AndroidManifest.xml:17:5-79
	android:name
		ADDED from src/main/AndroidManifest.xml:17:22-76
uses-permission#com.android.launcher.permission.READ_SETTINGS
ADDED from src/main/AndroidManifest.xml:18:5-85
	android:name
		ADDED from src/main/AndroidManifest.xml:18:22-82
uses-permission#android.permission.WAKE_LOCK
ADDED from src/main/AndroidManifest.xml:19:5-68
	android:name
		ADDED from src/main/AndroidManifest.xml:19:22-65
uses-permission#android.permission.CHANGE_WIFI_STATE
ADDED from src/main/AndroidManifest.xml:20:5-76
	android:name
		ADDED from src/main/AndroidManifest.xml:20:22-73
uses-permission#android.permission.ACCESS_WIFI_STATE
ADDED from src/main/AndroidManifest.xml:21:5-76
	android:name
		ADDED from src/main/AndroidManifest.xml:21:22-73
uses-permission#android.permission.ACCESS_GPS
ADDED from src/main/AndroidManifest.xml:22:5-69
	android:name
		ADDED from src/main/AndroidManifest.xml:22:22-66
uses-permission#android.permission.GET_TASKS
ADDED from src/main/AndroidManifest.xml:24:5-68
	android:name
		ADDED from src/main/AndroidManifest.xml:24:22-65
uses-permission#android.permission.WRITE_EXTERNAL_STORAGE
ADDED from src/main/AndroidManifest.xml:25:5-81
	android:name
		ADDED from src/main/AndroidManifest.xml:25:22-78
uses-permission#android.permission.BROADCAST_STICKY
ADDED from src/main/AndroidManifest.xml:26:5-75
	android:name
		ADDED from src/main/AndroidManifest.xml:26:22-72
uses-permission#android.permission.WRITE_SETTINGS
ADDED from src/main/AndroidManifest.xml:27:5-73
	android:name
		ADDED from src/main/AndroidManifest.xml:27:22-70
uses-permission#android.permission.PROCESS_OUTGOING_CALLS
ADDED from src/main/AndroidManifest.xml:29:5-81
	android:name
		ADDED from src/main/AndroidManifest.xml:29:22-78
uses-permission#android.permission.READ_PHONE_STATE
ADDED from src/main/AndroidManifest.xml:30:5-75
	android:name
		ADDED from src/main/AndroidManifest.xml:30:22-72
uses-permission#android.permission.MODIFY_AUDIO_SETTINGS
ADDED from src/main/AndroidManifest.xml:31:5-80
	android:name
		ADDED from src/main/AndroidManifest.xml:31:22-77
uses-permission#android.permission.RECORD_AUDIO
ADDED from src/main/AndroidManifest.xml:32:5-71
	android:name
		ADDED from src/main/AndroidManifest.xml:32:22-68
uses-permission#android.permission.CAMERA
ADDED from src/main/AndroidManifest.xml:34:5-65
	android:name
		ADDED from src/main/AndroidManifest.xml:34:22-62
application
ADDED from src/main/AndroidManifest.xml:35:5-80:19
	android:label
		ADDED from src/main/AndroidManifest.xml:39:9-41
	android:allowBackup
		ADDED from src/main/AndroidManifest.xml:37:9-35
	android:icon
		ADDED from src/main/AndroidManifest.xml:38:9-45
	android:theme
		ADDED from src/main/AndroidManifest.xml:40:9-40
meta-data#BaiduMobAd_STAT_ID
ADDED from src/main/AndroidManifest.xml:41:9-43:42
	android:name
		ADDED from src/main/AndroidManifest.xml:42:13-46
	android:value
		ADDED from src/main/AndroidManifest.xml:43:13-39
meta-data#com.baidu.lbsapi.API_KEY
ADDED from src/main/AndroidManifest.xml:44:9-45:50
	android:name
		ADDED from src/main/AndroidManifest.xml:44:20-59
	android:value
		ADDED from src/main/AndroidManifest.xml:45:7-47
activity#com.baidu.navi.sdkdemo.BNDemoMainActivity
ADDED from src/main/AndroidManifest.xml:47:9-56:20
	android:label
		ADDED from src/main/AndroidManifest.xml:50:13-45
	android:configChanges
		ADDED from src/main/AndroidManifest.xml:49:13-83
	android:name
		ADDED from src/main/AndroidManifest.xml:48:13-69
intent-filter#android.intent.action.MAIN+android.intent.category.LAUNCHER
ADDED from src/main/AndroidManifest.xml:51:13-55:29
action#android.intent.action.MAIN
ADDED from src/main/AndroidManifest.xml:52:17-69
	android:name
		ADDED from src/main/AndroidManifest.xml:52:25-66
category#android.intent.category.LAUNCHER
ADDED from src/main/AndroidManifest.xml:54:17-77
	android:name
		ADDED from src/main/AndroidManifest.xml:54:27-74
activity#com.baidu.navi.sdkdemo.RouteGuideDemo
ADDED from src/main/AndroidManifest.xml:58:9-67:20
	android:label
		ADDED from src/main/AndroidManifest.xml:61:13-59
	android:configChanges
		ADDED from src/main/AndroidManifest.xml:60:13-83
	android:name
		ADDED from src/main/AndroidManifest.xml:59:13-65
intent-filter#android.intent.action.MAIN+android.intent.category.BAIDUNAVISDK_DEMO
ADDED from src/main/AndroidManifest.xml:62:13-66:29
category#android.intent.category.BAIDUNAVISDK_DEMO
ADDED from src/main/AndroidManifest.xml:65:17-86
	android:name
		ADDED from src/main/AndroidManifest.xml:65:27-83
activity#com.baidu.navi.sdkdemo.BNDemoGuideActivity
ADDED from src/main/AndroidManifest.xml:69:9-73:20
	android:label
		ADDED from src/main/AndroidManifest.xml:72:13-59
	android:configChanges
		ADDED from src/main/AndroidManifest.xml:71:13-83
	android:name
		ADDED from src/main/AndroidManifest.xml:70:13-70
service#com.baidu.location.f
ADDED from src/main/AndroidManifest.xml:76:9-79:41
	android:process
		ADDED from src/main/AndroidManifest.xml:79:13-38
	android:enabled
		ADDED from src/main/AndroidManifest.xml:78:13-35
	android:name
		ADDED from src/main/AndroidManifest.xml:77:13-48